CRITICAL - 2026-02-14 12:47:48 --> ErrorException: Undefined variable $author
[Method: GET, Route: /]
in APPPATH\Views\layouts\header.php on line 10.
 1 APPPATH\Views\layouts\header.php(10): CodeIgniter\Debug\Exceptions->errorHandler(2, 'Undefined variable $author', 'C:\\Aung Si\'s project\\Iron-Software\\app\\Views\\layouts\\header.php', 10)
 2 SYSTEMPATH\View\View.php(238): include('C:\\Aung Si\'s project\\Iron-Software\\app\\Views\\layouts\\header.php')
 3 SYSTEMPATH\View\View.php(241): CodeIgniter\View\View->{closure:CodeIgniter\View\View::render():235}()
 4 SYSTEMPATH\Common.php(1250): CodeIgniter\View\View->render('layouts/header', [], true)
 5 APPPATH\Views\home.php(1): view('layouts/header')
 6 SYSTEMPATH\View\View.php(238): include('C:\\Aung Si\'s project\\Iron-Software\\app\\Views\\home.php')
 7 SYSTEMPATH\View\View.php(241): CodeIgniter\View\View->{closure:CodeIgniter\View\View::render():235}()
 8 SYSTEMPATH\Common.php(1250): CodeIgniter\View\View->render('home', [], true)
 9 APPPATH\Controllers\Home.php(17): view('home', [...])
10 SYSTEMPATH\CodeIgniter.php(951): App\Controllers\Home->index()
11 SYSTEMPATH\CodeIgniter.php(497): CodeIgniter\CodeIgniter->runController(Object(App\Controllers\Home))
12 SYSTEMPATH\CodeIgniter.php(340): CodeIgniter\CodeIgniter->handleRequest(null, Object(Config\Cache), false)
13 SYSTEMPATH\Boot.php(417): CodeIgniter\CodeIgniter->run()
14 SYSTEMPATH\Boot.php(68): CodeIgniter\Boot::runCodeIgniter(Object(CodeIgniter\CodeIgniter))
15 FCPATH\index.php(59): CodeIgniter\Boot::bootWeb(Object(Config\Paths))
16 SYSTEMPATH\rewrite.php(44): require_once('C:\\Aung Si\'s project\\Iron-Software\\public\\index.php')
CRITICAL - 2026-02-14 12:47:54 --> ErrorException: Undefined variable $author
[Method: GET, Route: /]
in APPPATH\Views\layouts\header.php on line 10.
 1 APPPATH\Views\layouts\header.php(10): CodeIgniter\Debug\Exceptions->errorHandler(2, 'Undefined variable $author', 'C:\\Aung Si\'s project\\Iron-Software\\app\\Views\\layouts\\header.php', 10)
 2 SYSTEMPATH\View\View.php(238): include('C:\\Aung Si\'s project\\Iron-Software\\app\\Views\\layouts\\header.php')
 3 SYSTEMPATH\View\View.php(241): CodeIgniter\View\View->{closure:CodeIgniter\View\View::render():235}()
 4 SYSTEMPATH\Common.php(1250): CodeIgniter\View\View->render('layouts/header', [], true)
 5 APPPATH\Views\home.php(1): view('layouts/header')
 6 SYSTEMPATH\View\View.php(238): include('C:\\Aung Si\'s project\\Iron-Software\\app\\Views\\home.php')
 7 SYSTEMPATH\View\View.php(241): CodeIgniter\View\View->{closure:CodeIgniter\View\View::render():235}()
 8 SYSTEMPATH\Common.php(1250): CodeIgniter\View\View->render('home', [], true)
 9 APPPATH\Controllers\Home.php(17): view('home', [...])
10 SYSTEMPATH\CodeIgniter.php(951): App\Controllers\Home->index()
11 SYSTEMPATH\CodeIgniter.php(497): CodeIgniter\CodeIgniter->runController(Object(App\Controllers\Home))
12 SYSTEMPATH\CodeIgniter.php(340): CodeIgniter\CodeIgniter->handleRequest(null, Object(Config\Cache), false)
13 SYSTEMPATH\Boot.php(417): CodeIgniter\CodeIgniter->run()
14 SYSTEMPATH\Boot.php(68): CodeIgniter\Boot::runCodeIgniter(Object(CodeIgniter\CodeIgniter))
15 FCPATH\index.php(59): CodeIgniter\Boot::bootWeb(Object(Config\Paths))
16 SYSTEMPATH\rewrite.php(44): require_once('C:\\Aung Si\'s project\\Iron-Software\\public\\index.php')
CRITICAL - 2026-02-14 12:50:14 --> ErrorException: Undefined variable $author
[Method: GET, Route: /]
in APPPATH\Views\layouts\header.php on line 10.
 1 APPPATH\Views\layouts\header.php(10): CodeIgniter\Debug\Exceptions->errorHandler(2, 'Undefined variable $author', 'C:\\Aung Si\'s project\\Iron-Software\\app\\Views\\layouts\\header.php', 10)
 2 SYSTEMPATH\View\View.php(238): include('C:\\Aung Si\'s project\\Iron-Software\\app\\Views\\layouts\\header.php')
 3 SYSTEMPATH\View\View.php(241): CodeIgniter\View\View->{closure:CodeIgniter\View\View::render():235}()
 4 SYSTEMPATH\Common.php(1250): CodeIgniter\View\View->render('layouts/header', [], true)
 5 APPPATH\Views\home.php(1): view('layouts/header')
 6 SYSTEMPATH\View\View.php(238): include('C:\\Aung Si\'s project\\Iron-Software\\app\\Views\\home.php')
 7 SYSTEMPATH\View\View.php(241): CodeIgniter\View\View->{closure:CodeIgniter\View\View::render():235}()
 8 SYSTEMPATH\Common.php(1250): CodeIgniter\View\View->render('home', [], true)
 9 APPPATH\Controllers\Home.php(23): view('home', [...])
10 SYSTEMPATH\CodeIgniter.php(951): App\Controllers\Home->index()
11 SYSTEMPATH\CodeIgniter.php(497): CodeIgniter\CodeIgniter->runController(Object(App\Controllers\Home))
12 SYSTEMPATH\CodeIgniter.php(340): CodeIgniter\CodeIgniter->handleRequest(null, Object(Config\Cache), false)
13 SYSTEMPATH\Boot.php(417): CodeIgniter\CodeIgniter->run()
14 SYSTEMPATH\Boot.php(68): CodeIgniter\Boot::runCodeIgniter(Object(CodeIgniter\CodeIgniter))
15 FCPATH\index.php(59): CodeIgniter\Boot::bootWeb(Object(Config\Paths))
16 SYSTEMPATH\rewrite.php(44): require_once('C:\\Aung Si\'s project\\Iron-Software\\public\\index.php')
CRITICAL - 2026-02-14 12:50:17 --> ErrorException: Undefined variable $author
[Method: GET, Route: /]
in APPPATH\Views\layouts\header.php on line 10.
 1 APPPATH\Views\layouts\header.php(10): CodeIgniter\Debug\Exceptions->errorHandler(2, 'Undefined variable $author', 'C:\\Aung Si\'s project\\Iron-Software\\app\\Views\\layouts\\header.php', 10)
 2 SYSTEMPATH\View\View.php(238): include('C:\\Aung Si\'s project\\Iron-Software\\app\\Views\\layouts\\header.php')
 3 SYSTEMPATH\View\View.php(241): CodeIgniter\View\View->{closure:CodeIgniter\View\View::render():235}()
 4 SYSTEMPATH\Common.php(1250): CodeIgniter\View\View->render('layouts/header', [], true)
 5 APPPATH\Views\home.php(1): view('layouts/header')
 6 SYSTEMPATH\View\View.php(238): include('C:\\Aung Si\'s project\\Iron-Software\\app\\Views\\home.php')
 7 SYSTEMPATH\View\View.php(241): CodeIgniter\View\View->{closure:CodeIgniter\View\View::render():235}()
 8 SYSTEMPATH\Common.php(1250): CodeIgniter\View\View->render('home', [], true)
 9 APPPATH\Controllers\Home.php(23): view('home', [...])
10 SYSTEMPATH\CodeIgniter.php(951): App\Controllers\Home->index()
11 SYSTEMPATH\CodeIgniter.php(497): CodeIgniter\CodeIgniter->runController(Object(App\Controllers\Home))
12 SYSTEMPATH\CodeIgniter.php(340): CodeIgniter\CodeIgniter->handleRequest(null, Object(Config\Cache), false)
13 SYSTEMPATH\Boot.php(417): CodeIgniter\CodeIgniter->run()
14 SYSTEMPATH\Boot.php(68): CodeIgniter\Boot::runCodeIgniter(Object(CodeIgniter\CodeIgniter))
15 FCPATH\index.php(59): CodeIgniter\Boot::bootWeb(Object(Config\Paths))
16 SYSTEMPATH\rewrite.php(44): require_once('C:\\Aung Si\'s project\\Iron-Software\\public\\index.php')
